C:\Program Files\Microsoft Visual Studio\2022\Community\MSBuild\Microsoft\VC\v170\Microsoft.CppBuild.targets(531,5): warning MSB8028: The intermediate directory (..\bin-int\Debug-windows-x86_64\WalnutApp\) contains files shared from another project (WalnutApp.vcxproj).  This can lead to incorrect clean and rebuild behavior.
  Steam.cpp
E:\Coding\C++\Applications\GameManager\WalnutApp\steamworks_sdk_157\sdk\public\steam\matchmakingtypes.h(35,3): warning C4996: 'strncpy': This function or variable may be unsafe. Consider using strncpy_s instead. To disable deprecation, use _CRT_SECURE_NO_WARNINGS. See online help for details.
E:\Coding\C++\Applications\GameManager\WalnutApp\steamworks_sdk_157\sdk\public\steam\matchmakingtypes.h(37,3): warning C4996: 'strncpy': This function or variable may be unsafe. Consider using strncpy_s instead. To disable deprecation, use _CRT_SECURE_NO_WARNINGS. See online help for details.
E:\Coding\C++\Applications\GameManager\WalnutApp\steamworks_sdk_157\sdk\public\steam\matchmakingtypes.h(226,2): warning C4996: 'strncpy': This function or variable may be unsafe. Consider using strncpy_s instead. To disable deprecation, use _CRT_SECURE_NO_WARNINGS. See online help for details.
  utils.cpp
E:\Coding\C++\Applications\GameManager\WalnutApp\src\includes\utils.cpp(188,44): warning C4244: '=': conversion from 'double' to 'int', possible loss of data
E:\Coding\C++\Applications\GameManager\WalnutApp\src\includes\utils.cpp(190,38): warning C4244: '=': conversion from 'float' to 'int', possible loss of data
E:\Coding\C++\Applications\GameManager\WalnutApp\src\includes\utils.cpp(193,32): warning C4244: '=': conversion from 'float' to 'int', possible loss of data
C:\Program Files\Microsoft Visual Studio\2022\Community\VC\Tools\MSVC\14.36.32532\include\xstring(2765,53): warning C4244: 'argument': conversion from 'wchar_t' to 'const _Elem', possible loss of data
          with
          [
              _Elem=char
          ]
C:\Program Files\Microsoft Visual Studio\2022\Community\VC\Tools\MSVC\14.36.32532\include\xstring(2621,17): message : see reference to function template instantiation 'void std::basic_string<char,std::char_traits<char>,std::allocator<char>>::_Construct_from_iter<wchar_t*,wchar_t*,_Size_type>(_Iter,const _Sent,_Size)' being compiled
          with
          [
              _Size_type=unsigned __int64,
              _Iter=wchar_t *,
              _Sent=wchar_t *,
              _Size=unsigned __int64
          ]
E:\Coding\C++\Applications\GameManager\WalnutApp\src\includes\utils.cpp(136,21): message : see reference to function template instantiation 'std::basic_string<char,std::char_traits<char>,std::allocator<char>>::basic_string<std::_String_iterator<std::_String_val<std::_Simple_types<_Elem>>>,0>(_Iter,_Iter,const _Alloc &)' being compiled
          with
          [
              _Elem=wchar_t,
              _Iter=std::_String_iterator<std::_String_val<std::_Simple_types<wchar_t>>>,
              _Alloc=std::allocator<char>
          ]
E:\Coding\C++\Applications\GameManager\WalnutApp\src\includes\utils.cpp(136,3): message : see the first reference to 'std::basic_string<char,std::char_traits<char>,std::allocator<char>>::basic_string' in 'utils::BrowseFolder'
  WalnutApp.cpp
E:\Coding\C++\Applications\GameManager\WalnutApp\steamworks_sdk_157\sdk\public\steam\matchmakingtypes.h(35,3): warning C4996: 'strncpy': This function or variable may be unsafe. Consider using strncpy_s instead. To disable deprecation, use _CRT_SECURE_NO_WARNINGS. See online help for details.
E:\Coding\C++\Applications\GameManager\WalnutApp\steamworks_sdk_157\sdk\public\steam\matchmakingtypes.h(37,3): warning C4996: 'strncpy': This function or variable may be unsafe. Consider using strncpy_s instead. To disable deprecation, use _CRT_SECURE_NO_WARNINGS. See online help for details.
E:\Coding\C++\Applications\GameManager\WalnutApp\steamworks_sdk_157\sdk\public\steam\matchmakingtypes.h(226,2): warning C4996: 'strncpy': This function or variable may be unsafe. Consider using strncpy_s instead. To disable deprecation, use _CRT_SECURE_NO_WARNINGS. See online help for details.
E:\Coding\C++\Applications\GameManager\WalnutApp\src\WalnutApp.cpp(33,21): warning C4244: 'initializing': conversion from 'float' to 'int', possible loss of data
E:\Coding\C++\Applications\GameManager\WalnutApp\src\WalnutApp.cpp(34,16): warning C4244: 'initializing': conversion from 'int' to 'float', possible loss of data
E:\Coding\C++\Applications\GameManager\WalnutApp\src\WalnutApp.cpp(70,12): warning C4305: '=': truncation from 'double' to 'float'
E:\Coding\C++\Applications\GameManager\WalnutApp\src\WalnutApp.cpp(148,95): warning C4244: '=': conversion from '__int64' to 'int', possible loss of data
  Generating Code...
WalnutApp.obj : error LNK2019: unresolved external symbol __imp_SteamAPI_GetHSteamUser referenced in function "void __cdecl SteamInternal_Init_SteamUser(class ISteamUser * *)" (?SteamInternal_Init_SteamUser@@YAXPEAPEAVISteamUser@@@Z)
WalnutApp.obj : error LNK2019: unresolved external symbol __imp_SteamInternal_ContextInit referenced in function "class ISteamUser * __cdecl SteamUser(void)" (?SteamUser@@YAPEAVISteamUser@@XZ)
WalnutApp.obj : error LNK2019: unresolved external symbol __imp_SteamInternal_FindOrCreateUserInterface referenced in function "void __cdecl SteamInternal_Init_SteamUser(class ISteamUser * *)" (?SteamInternal_Init_SteamUser@@YAXPEAPEAVISteamUser@@@Z)
WalnutApp.obj : error LNK2019: unresolved external symbol __imp_SteamAPI_Init referenced in function "public: virtual void __cdecl MainLayer::OnAttach(void)" (?OnAttach@MainLayer@@UEAAXXZ)
WalnutApp.obj : error LNK2019: unresolved external symbol __imp_SteamAPI_Shutdown referenced in function "public: virtual void __cdecl MainLayer::OnDetach(void)" (?OnDetach@MainLayer@@UEAAXXZ)
..\bin\Debug-windows-x86_64\WalnutApp\WalnutApp.exe : fatal error LNK1120: 5 unresolved externals
